\BOOKMARK [1][-]{section*.1}{\376\377\000P\000a\000r\000t\000i\000e\000\040\0001\000\040\000:\000\040\000T\000e\000s\000t\000\040\000d\000e\000\040\000g\000\351\000n\000\351\000r\000a\000t\000e\000u\000r\000s\000\040\000p\000s\000e\000u\000d\000o\000-\000a\000l\000\351\000a\000t\000o\000i\000r\000e\000s}{}% 1
\BOOKMARK [2][-]{section*.2}{\376\377\000Q\000u\000e\000s\000t\000i\000o\000n\000\040\0001\000:}{section*.1}% 2
\BOOKMARK [3][-]{section*.3}{\376\377\000Q\000u\000e\000s\000t\000i\000o\000n\000\040\0002\000.\0001\000\040\000T\000e\000s\000t\000\040\000V\000i\000s\000u\000e\000l\000:}{section*.2}% 3
\BOOKMARK [3][-]{section*.4}{\376\377\000Q\000u\000e\000s\000t\000i\000o\000n\000\040\0002\000.\0002\000:}{section*.2}% 4
\BOOKMARK [3][-]{section*.5}{\376\377\000Q\000u\000e\000s\000t\000i\000o\000n\000\040\0003\000\040\000T\000e\000s\000t\000\040\000d\000e\000\040\000f\000r\000\351\000q\000u\000e\000n\000c\000e\000\040\000m\000o\000n\000o\000b\000i\000t\000:}{section*.2}% 5
\BOOKMARK [3][-]{section*.6}{\376\377\000Q\000u\000e\000s\000t\000i\000o\000n\000\040\0004\000\040\000T\000e\000s\000t\000\040\000d\000e\000s\000\040\000r\000u\000n\000s\000:}{section*.2}% 6
\BOOKMARK [3][-]{section*.7}{\376\377\000Q\000u\000e\000s\000t\000i\000o\000n\000\040\0005\000\040\000T\000e\000s\000t\000\040\000d\000'\000o\000r\000d\000r\000e\000:}{section*.2}% 7
\BOOKMARK [1][-]{section*.8}{\376\377\000P\000a\000r\000t\000i\000e\000\040\0002\000\040\000:\000\040\000A\000p\000p\000l\000i\000c\000a\000t\000i\000o\000n\000\040\000a\000u\000x\000\040\000f\000i\000l\000e\000s\000\040\000d\000'\000a\000t\000t\000e\000n\000t\000e\000s}{}% 8
\BOOKMARK [2][-]{section*.9}{\376\377\000F\000i\000l\000e\000s\000\040\000M\000/\000M\000/\0001}{section*.8}% 9
\BOOKMARK [3][-]{section*.10}{\376\377\000Q\000u\000e\000s\000t\000i\000o\000n\000\040\0006\000\040\000e\000t\000\040\0007\000:}{section*.9}% 10
\BOOKMARK [3][-]{section*.11}{\376\377\000P\000o\000u\000r\000\040\000c\000e\000\040\000p\000r\000e\000m\000i\000e\000r\000\040\000e\000x\000e\000m\000p\000l\000e\000\040\000n\000o\000u\000s\000\040\000f\000i\000x\000o\000n\000s\000\040\000l\000e\000s\000\040\000p\000a\000r\000a\000m\000\350\000t\000r\000e\000s\000:}{section*.9}% 11
\BOOKMARK [3][-]{section*.12}{\376\377\000P\000o\000u\000r\000\040\000c\000e\000t\000\040\000e\000x\000e\000m\000p\000l\000e\000\040\000n\000o\000u\000s\000\040\000f\000i\000x\000o\000n\000s\000\040\000l\000e\000s\000\040\000p\000a\000r\000a\000m\000\350\000t\000r\000e\000s\000:}{section*.9}% 12
\BOOKMARK [3][-]{section*.13}{\376\377\000P\000o\000u\000r\000\040\000c\000e\000t\000\040\000e\000x\000e\000m\000p\000l\000e\000\040\000n\000o\000u\000s\000\040\000f\000i\000x\000o\000n\000s\000\040\000l\000e\000s\000\040\000p\000a\000r\000a\000m\000\350\000t\000r\000e\000s\000:}{section*.9}% 13
\BOOKMARK [3][-]{section*.14}{\376\377\000P\000o\000u\000r\000\040\000c\000e\000t\000\040\000e\000x\000e\000m\000p\000l\000e\000\040\000n\000o\000u\000s\000\040\000f\000i\000x\000o\000n\000s\000\040\000l\000e\000s\000\040\000p\000a\000r\000a\000m\000\350\000t\000r\000e\000s\000:}{section*.9}% 14
\BOOKMARK [3][-]{section*.15}{\376\377\000Q\000u\000e\000s\000t\000i\000o\000n\000\040\0008\000:}{section*.9}% 15
\BOOKMARK [3][-]{section*.16}{\376\377\000P\000o\000u\000r\000\040\000c\000e\000\040\000p\000r\000e\000m\000i\000e\000r\000\040\000e\000x\000e\000m\000p\000l\000e\000\040\000n\000o\000u\000s\000\040\000f\000i\000x\000o\000n\000s\000\040\000l\000e\000s\000\040\000p\000a\000r\000a\000m\000\350\000t\000r\000e\000s\000:}{section*.9}% 16
\BOOKMARK [3][-]{section*.17}{\376\377\000P\000o\000u\000r\000\040\000c\000e\000t\000\040\000e\000x\000e\000m\000p\000l\000e\000\040\000n\000o\000u\000s\000\040\000f\000i\000x\000o\000n\000s\000\040\000l\000e\000s\000\040\000p\000a\000r\000a\000m\000\350\000t\000r\000e\000s\000:}{section*.9}% 17
\BOOKMARK [3][-]{section*.18}{\376\377\000P\000o\000u\000r\000\040\000c\000e\000t\000\040\000e\000x\000e\000m\000p\000l\000e\000\040\000n\000o\000u\000s\000\040\000f\000i\000x\000o\000n\000s\000\040\000l\000e\000s\000\040\000p\000a\000r\000a\000m\000\350\000t\000r\000e\000s\000:}{section*.9}% 18
\BOOKMARK [3][-]{section*.19}{\376\377\000P\000o\000u\000r\000\040\000c\000e\000t\000\040\000e\000x\000e\000m\000p\000l\000e\000\040\000n\000o\000u\000s\000\040\000f\000i\000x\000o\000n\000s\000\040\000l\000e\000s\000\040\000p\000a\000r\000a\000m\000\350\000t\000r\000e\000s\000:}{section*.9}% 19
\BOOKMARK [1][-]{section*.20}{\376\377\000C\000o\000n\000c\000l\000u\000s\000i\000o\000n\000\040\000:}{}% 20
